<?xml version="1.0" encoding="UTF-8"?>
<testng-results skipped="0" failed="0" ignored="0" total="1" passed="1">
  <reporter-output>
  </reporter-output>
  <suite name="Default suite" duration-ms="11324" started-at="2020-02-03T21:49:50 AEDT" finished-at="2020-02-03T21:50:01 AEDT">
    <groups>
    </groups>
    <test name="Default test" duration-ms="11324" started-at="2020-02-03T21:49:50 AEDT" finished-at="2020-02-03T21:50:01 AEDT">
      <class name="gs.gittest.gs2">
        <test-method status="PASS" signature="atbefore()[pri:0, instance:gs.gittest.gs2@32a068d1]" name="atbefore" is-config="true" duration-ms="0" started-at="2020-02-03T21:49:50 AEDT" finished-at="2020-02-03T21:49:50 AEDT">
          <reporter-output>
          </reporter-output>
        </test-method> <!-- atbefore -->
        <test-method status="PASS" signature="attest()[pri:0, instance:gs.gittest.gs2@32a068d1]" name="attest" duration-ms="11241" started-at="2020-02-03T21:49:50 AEDT" finished-at="2020-02-03T21:50:01 AEDT">
          <reporter-output>
          </reporter-output>
        </test-method> <!-- attest -->
      </class> <!-- gs.gittest.gs2 -->
    </test> <!-- Default test -->
  </suite> <!-- Default suite -->
</testng-results>
